<?xml version="1.0" encoding="UTF-8"?>
<testsuite xmlns:xsi="http://www.w3.org/2001/XMLSchema-instance" xsi:noNamespaceSchemaLocation="https://maven.apache.org/surefire/maven-surefire-plugin/xsd/surefire-test-report-3.0.xsd" version="3.0" name="TestSuite" time="67.005" tests="1" errors="0" skipped="0" failures="0">
  <properties>
[...]
</properties>
  <testcase name="TaskCreationTest" classname="com.amazon.Tests.ProductDetailsTestCase" time="45.613">
    <system-out><![CDATA[Driver Instance created
About this item is not present
About this item message====About this item
Resolution : 4K Ultra HD (3840 x 2160) | Refresh Rate : 120 Hertz | QLED Panel
Connectivity: 4 HDMI ports to connect set top box, Blu-ray speakers or a gaming console | 2 USB ports to connect hard drives or other USB devices
Smart TV Features : Voice Assistants | PC Mode | Universal Guide | Auto Game Mode & Game Motion Plus | Super Ultra Wide Game View & Game Bar | Web Browser | Screen Mirroring | Supported Apps : Prime Video, Hotstar, Netflix, Zee5 and many more
Sound: 40 Watts Output - 4 Ch| Powerful Speakers with Dolby Digital Plus | Surround Sound | Active Voice Amplifier | Adaptive Sound+ | Q Symphony
Display: Ultra HD (4k) QLED Panel | Customizable Bezels (Sold Separately) | Dual LED | Quantum HDR & Certified HDR 10+ | Supreme UHD Dimming | Mega Contarst | Slim Fit Wall Mount | 100% Color Volume with Quantum Dot
Warranty Information: 1 manufacturer warranty and 1 year additional warranty on the panel from invoice date
Installation: For requesting installation/wall mounting/demo of this product once delivered, please directly call Samsung support on [1800407267864 / 180057267864] and provide product's model name as well as seller's details mentioned on the invoice
Easy Returns: This product is eligible for replacement within 10 days of delivery in case of any product defects, damage or features not matching the description
› See more product details
]]></system-out>
    <system-err><![CDATA[[main] INFO io.github.bonigarcia.wdm.WebDriverManager - Using chromedriver 102.0.5005.61 (resolved driver for Chrome 102)
[main] INFO io.github.bonigarcia.wdm.WebDriverManager - Exporting webdriver.chrome.driver as /Users/vasanth/.cache/selenium/chromedriver/mac64/102.0.5005.61/chromedriver
Starting ChromeDriver 102.0.5005.61 (0e59bcc00cc4985ce39ad31c150065f159d95ad3-refs/branch-heads/5005@{#819}) on port 19582
Only local connections are allowed.
Please see https://chromedriver.chromium.org/security-considerations for suggestions on keeping ChromeDriver safe.
ChromeDriver was started successfully.
Jun 10, 2022 9:39:54 AM org.openqa.selenium.remote.ProtocolHandshake createSession
INFO: Detected dialect: W3C
]]></system-err>
  </testcase>
</testsuite>