<?xml version="1.0" encoding="UTF-8"?>
<testng-results ignored="0" total="1" passed="1" failed="0" skipped="0">
  <reporter-output>
  </reporter-output>
  <suite started-at="2022-06-10T09:39:43 IST" name="Demo Web App test suite" finished-at="2022-06-10T09:40:44 IST" duration-ms="61020">
    <groups>
    </groups>
    <test started-at="2022-06-10T09:39:43 IST" name="LoginTests" finished-at="2022-06-10T09:39:43 IST" duration-ms="182">
    </test> <!-- LoginTests -->
    <test started-at="2022-06-10T09:39:48 IST" name="DataDriven Tests" finished-at="2022-06-10T09:40:44 IST" duration-ms="55747">
      <class name="com.amazon.Tests.ProductDetailsTestCase">
        <test-method is-config="true" signature="LaunchApplication()[pri:0, instance:com.amazon.Tests.ProductDetailsTestCase@3835c46]" started-at="2022-06-10T09:39:48 IST" name="LaunchApplication" finished-at="2022-06-10T09:39:58 IST" duration-ms="10066" status="PASS">
          <reporter-output>
          </reporter-output>
        </test-method> <!-- LaunchApplication -->
        <test-method signature="TaskCreationTest()[pri:0, instance:com.amazon.Tests.ProductDetailsTestCase@3835c46]" started-at="2022-06-10T09:39:58 IST" name="TaskCreationTest" finished-at="2022-06-10T09:40:43 IST" duration-ms="45614" status="PASS">
          <reporter-output>
          </reporter-output>
        </test-method> <!-- TaskCreationTest -->
        <test-method is-config="true" signature="tearDown()[pri:0, instance:com.amazon.Tests.ProductDetailsTestCase@3835c46]" started-at="2022-06-10T09:40:44 IST" name="tearDown" finished-at="2022-06-10T09:40:44 IST" duration-ms="1" status="PASS">
          <reporter-output>
          </reporter-output>
        </test-method> <!-- tearDown -->
      </class> <!-- com.amazon.Tests.ProductDetailsTestCase -->
    </test> <!-- DataDriven Tests -->
  </suite> <!-- Demo Web App test suite -->
</testng-results>
