<?xml version="1.0" encoding="UTF-8"?>
<testng-results ignored="0" total="1" passed="1" failed="0" skipped="0">
  <reporter-output>
  </reporter-output>
  <suite started-at="2022-06-10T11:32:08 IST" name="Amazon web page Automation" finished-at="2022-06-10T11:33:08 IST" duration-ms="60284">
    <groups>
    </groups>
    <test started-at="2022-06-10T11:32:08 IST" name="Search a product and verify about this items" finished-at="2022-06-10T11:32:08 IST" duration-ms="186">
    </test> <!-- Search a product and verify about this items -->
    <test started-at="2022-06-10T11:32:13 IST" name="Product Details TestCase" finished-at="2022-06-10T11:33:08 IST" duration-ms="55003">
      <class name="com.amazon.Tests.ProductDetailsTestCase">
        <test-method is-config="true" signature="LaunchApplication()[pri:0, instance:com.amazon.Tests.ProductDetailsTestCase@3835c46]" started-at="2022-06-10T11:32:13 IST" name="LaunchApplication" finished-at="2022-06-10T11:32:25 IST" duration-ms="11366" status="PASS">
          <reporter-output>
          </reporter-output>
        </test-method> <!-- LaunchApplication -->
        <test-method signature="TaskCreationTest()[pri:0, instance:com.amazon.Tests.ProductDetailsTestCase@3835c46]" started-at="2022-06-10T11:32:25 IST" name="TaskCreationTest" finished-at="2022-06-10T11:33:08 IST" duration-ms="43553" status="PASS">
          <reporter-output>
          </reporter-output>
        </test-method> <!-- TaskCreationTest -->
        <test-method is-config="true" signature="tearDown()[pri:0, instance:com.amazon.Tests.ProductDetailsTestCase@3835c46]" started-at="2022-06-10T11:33:08 IST" name="tearDown" finished-at="2022-06-10T11:33:08 IST" duration-ms="2" status="PASS">
          <reporter-output>
          </reporter-output>
        </test-method> <!-- tearDown -->
      </class> <!-- com.amazon.Tests.ProductDetailsTestCase -->
    </test> <!-- Product Details TestCase -->
  </suite> <!-- Amazon web page Automation -->
</testng-results>
