<?xml version="1.0" encoding="UTF-8"?>
<testng-results ignored="0" total="1" passed="1" failed="0" skipped="0">
  <reporter-output>
  </reporter-output>
  <suite started-at="2022-06-10T11:15:26 IST" name="Amazon web page Automation" finished-at="2022-06-10T11:16:25 IST" duration-ms="59023">
    <groups>
    </groups>
    <test started-at="2022-06-10T11:15:26 IST" name="Search a product and verify about this items" finished-at="2022-06-10T11:15:27 IST" duration-ms="763">
    </test> <!-- Search a product and verify about this items -->
    <test started-at="2022-06-10T11:15:32 IST" name="Product Details TestCase" finished-at="2022-06-10T11:16:25 IST" duration-ms="53086">
      <class name="com.amazon.Tests.ProductDetailsTestCase">
        <test-method is-config="true" signature="LaunchApplication()[pri:0, instance:com.amazon.Tests.ProductDetailsTestCase@2f4948e4]" started-at="2022-06-10T11:15:32 IST" name="LaunchApplication" finished-at="2022-06-10T11:15:44 IST" duration-ms="12151" status="PASS">
          <reporter-output>
          </reporter-output>
        </test-method> <!-- LaunchApplication -->
        <test-method signature="TaskCreationTest()[pri:0, instance:com.amazon.Tests.ProductDetailsTestCase@2f4948e4]" started-at="2022-06-10T11:15:44 IST" name="TaskCreationTest" finished-at="2022-06-10T11:16:25 IST" duration-ms="40714" status="PASS">
          <reporter-output>
          </reporter-output>
        </test-method> <!-- TaskCreationTest -->
        <test-method is-config="true" signature="tearDown()[pri:0, instance:com.amazon.Tests.ProductDetailsTestCase@2f4948e4]" started-at="2022-06-10T11:16:25 IST" name="tearDown" finished-at="2022-06-10T11:16:25 IST" duration-ms="2" status="PASS">
          <reporter-output>
          </reporter-output>
        </test-method> <!-- tearDown -->
      </class> <!-- com.amazon.Tests.ProductDetailsTestCase -->
    </test> <!-- Product Details TestCase -->
  </suite> <!-- Amazon web page Automation -->
</testng-results>
